2022-02-13 00:05:25,616 INFO org.springframework.boot.StartupInfoLogger [main] Starting Application using Java 1.8.0_112 on DESKTOP-8AUUKQG with PID 9268 (C:\projects\spring\javaAssignment\target\classes started by AmirZadok in C:\projects\spring\javaAssignment)
2022-02-13 00:05:25,621 DEBUG org.springframework.boot.StartupInfoLogger [main] Running with Spring Boot v2.6.3, Spring v5.3.15
2022-02-13 00:05:25,623 INFO org.springframework.boot.SpringApplication [main] No active profile set, falling back to default profiles: default
2022-02-13 00:05:27,053 INFO org.springframework.boot.web.embedded.tomcat.TomcatWebServer [main] Tomcat initialized with port(s): 8080 (http)
2022-02-13 00:05:27,064 INFO org.apache.juli.logging.DirectJDKLog [main] Initializing ProtocolHandler ["http-nio-8080"]
2022-02-13 00:05:27,066 INFO org.apache.juli.logging.DirectJDKLog [main] Starting service [Tomcat]
2022-02-13 00:05:27,068 INFO org.apache.juli.logging.DirectJDKLog [main] Starting Servlet engine: [Apache Tomcat/9.0.56]
2022-02-13 00:05:27,133 INFO org.apache.juli.logging.DirectJDKLog [main] Initializing Spring embedded WebApplicationContext
2022-02-13 00:05:27,135 INFO org.springframework.boot.web.servlet.context.ServletWebServerApplicationContext [main] Root WebApplicationContext: initialization completed in 1461 ms
2022-02-13 00:05:27,408 INFO org.apache.juli.logging.DirectJDKLog [main] Starting ProtocolHandler ["http-nio-8080"]
2022-02-13 00:05:27,427 INFO org.springframework.boot.web.embedded.tomcat.TomcatWebServer [main] Tomcat started on port(s): 8080 (http) with context path ''
2022-02-13 00:05:27,436 INFO org.springframework.boot.StartupInfoLogger [main] Started Application in 2.248 seconds (JVM running for 2.703)
2022-02-13 00:48:50,191 INFO org.springframework.boot.StartupInfoLogger [main] Starting Application using Java 1.8.0_112 on DESKTOP-8AUUKQG with PID 3928 (C:\projects\spring\javaAssignment\target\classes started by AmirZadok in C:\projects\spring\javaAssignment)
2022-02-13 00:48:50,199 DEBUG org.springframework.boot.StartupInfoLogger [main] Running with Spring Boot v2.6.3, Spring v5.3.15
2022-02-13 00:48:50,199 INFO org.springframework.boot.SpringApplication [main] No active profile set, falling back to default profiles: default
2022-02-13 00:48:52,079 INFO org.springframework.boot.web.embedded.tomcat.TomcatWebServer [main] Tomcat initialized with port(s): 8080 (http)
2022-02-13 00:48:52,090 INFO org.apache.juli.logging.DirectJDKLog [main] Initializing ProtocolHandler ["http-nio-8080"]
2022-02-13 00:48:52,091 INFO org.apache.juli.logging.DirectJDKLog [main] Starting service [Tomcat]
2022-02-13 00:48:52,092 INFO org.apache.juli.logging.DirectJDKLog [main] Starting Servlet engine: [Apache Tomcat/9.0.56]
2022-02-13 00:48:52,180 INFO org.apache.juli.logging.DirectJDKLog [main] Initializing Spring embedded WebApplicationContext
2022-02-13 00:48:52,181 INFO org.springframework.boot.web.servlet.context.ServletWebServerApplicationContext [main] Root WebApplicationContext: initialization completed in 1903 ms
2022-02-13 00:48:52,574 INFO org.apache.juli.logging.DirectJDKLog [main] Starting ProtocolHandler ["http-nio-8080"]
2022-02-13 00:48:52,580 WARN org.springframework.context.support.AbstractApplicationContext [main] Exception encountered during context initialization - cancelling refresh attempt: org.springframework.context.ApplicationContextException: Failed to start bean 'webServerStartStop'; nested exception is org.springframework.boot.web.server.PortInUseException: Port 8080 is already in use
2022-02-13 00:48:52,584 INFO org.apache.juli.logging.DirectJDKLog [main] Pausing ProtocolHandler ["http-nio-8080"]
2022-02-13 00:48:52,585 INFO org.apache.juli.logging.DirectJDKLog [main] Stopping service [Tomcat]
2022-02-13 00:48:52,592 INFO org.apache.juli.logging.DirectJDKLog [main] Stopping ProtocolHandler ["http-nio-8080"]
2022-02-13 00:48:52,593 INFO org.apache.juli.logging.DirectJDKLog [main] Destroying ProtocolHandler ["http-nio-8080"]
2022-02-13 00:48:52,605 INFO org.springframework.boot.autoconfigure.logging.ConditionEvaluationReportLoggingListener [main] 

Error starting ApplicationContext. To display the conditions report re-run your application with 'debug' enabled.
2022-02-13 00:48:52,631 ERROR org.springframework.boot.diagnostics.LoggingFailureAnalysisReporter [main] 

***************************
APPLICATION FAILED TO START
***************************

Description:

Web server failed to start. Port 8080 was already in use.

Action:

Identify and stop the process that's listening on port 8080 or configure this application to listen on another port.

2022-02-13 00:49:16,186 INFO org.springframework.boot.StartupInfoLogger [main] Starting Application using Java 1.8.0_112 on DESKTOP-8AUUKQG with PID 11004 (C:\projects\spring\javaAssignment\target\classes started by AmirZadok in C:\projects\spring\javaAssignment)
2022-02-13 00:49:16,190 DEBUG org.springframework.boot.StartupInfoLogger [main] Running with Spring Boot v2.6.3, Spring v5.3.15
2022-02-13 00:49:16,191 INFO org.springframework.boot.SpringApplication [main] No active profile set, falling back to default profiles: default
2022-02-13 00:49:17,630 INFO org.springframework.boot.web.embedded.tomcat.TomcatWebServer [main] Tomcat initialized with port(s): 8080 (http)
2022-02-13 00:49:17,652 INFO org.apache.juli.logging.DirectJDKLog [main] Initializing ProtocolHandler ["http-nio-8080"]
2022-02-13 00:49:17,653 INFO org.apache.juli.logging.DirectJDKLog [main] Starting service [Tomcat]
2022-02-13 00:49:17,654 INFO org.apache.juli.logging.DirectJDKLog [main] Starting Servlet engine: [Apache Tomcat/9.0.56]
2022-02-13 00:49:17,750 INFO org.apache.juli.logging.DirectJDKLog [main] Initializing Spring embedded WebApplicationContext
2022-02-13 00:49:17,751 INFO org.springframework.boot.web.servlet.context.ServletWebServerApplicationContext [main] Root WebApplicationContext: initialization completed in 1498 ms
2022-02-13 00:49:18,126 INFO org.apache.juli.logging.DirectJDKLog [main] Starting ProtocolHandler ["http-nio-8080"]
2022-02-13 00:49:18,148 INFO org.springframework.boot.web.embedded.tomcat.TomcatWebServer [main] Tomcat started on port(s): 8080 (http) with context path ''
2022-02-13 00:49:18,161 INFO org.springframework.boot.StartupInfoLogger [main] Started Application in 2.562 seconds (JVM running for 3.109)
2022-02-13 00:49:22,088 INFO org.apache.juli.logging.DirectJDKLog [http-nio-8080-exec-1] Initializing Spring DispatcherServlet 'dispatcherServlet'
2022-02-13 00:49:22,088 INFO org.springframework.web.servlet.FrameworkServlet [http-nio-8080-exec-1] Initializing Servlet 'dispatcherServlet'
2022-02-13 00:49:22,090 INFO org.springframework.web.servlet.FrameworkServlet [http-nio-8080-exec-1] Completed initialization in 1 ms
2022-02-13 00:49:22,125 INFO com.rest.assignment.SimpleController [http-nio-8080-exec-1] Time requested at 2022-02-13 00:49:22
2022-02-13 00:49:23,705 INFO com.rest.assignment.SimpleController [http-nio-8080-exec-2] Time requested at 2022-02-13 00:49:23
2022-02-13 00:49:39,915 INFO com.rest.assignment.SimpleController [http-nio-8080-exec-3] Time requested at 2022-02-13 00:49:39
2022-02-13 00:49:45,492 INFO com.rest.assignment.SimpleController [http-nio-8080-exec-4] Time requested at 2022-02-13 00:49:45
